<?xml version="1.0" encoding="UTF-8"?>
<testng-results ignored="0" total="2" passed="2" failed="0" skipped="0">
  <reporter-output>
  </reporter-output>
  <suite started-at="2021-06-13T13:23:36 IST" name="Default suite" finished-at="2021-06-13T13:24:35 IST" duration-ms="58441">
    <groups>
    </groups>
    <test started-at="2021-06-13T13:23:36 IST" name="Default test" finished-at="2021-06-13T13:24:35 IST" duration-ms="58441">
      <class name="com.cyient.test.FlightErrorTest">
        <test-method is-config="true" signature="setup()[pri:0, instance:com.cyient.test.FlightErrorTest@49c7b90e]" started-at="2021-06-13T13:23:37 IST" name="setup" finished-at="2021-06-13T13:23:52 IST" duration-ms="15689" status="PASS">
          <reporter-output>
          </reporter-output>
        </test-method> <!-- setup -->
        <test-method signature="destinationErrorTest(java.lang.String,java.lang.String,java.lang.String)[pri:0, instance:com.cyient.test.FlightErrorTest@49c7b90e]" started-at="2021-06-13T13:23:52 IST" name="destinationErrorTest" data-provider="validCredentialExcelData" finished-at="2021-06-13T13:24:03 IST" duration-ms="10097" status="PASS">
          <params>
            <param index="0">
              <value>
                <![CDATA[7709873175]]>
              </value>
            </param>
            <param index="1">
              <value>
                <![CDATA[feb27rak]]>
              </value>
            </param>
            <param index="2">
              <value>
                <![CDATA[Rutwik]]>
              </value>
            </param>
          </params>
          <reporter-output>
          </reporter-output>
        </test-method> <!-- destinationErrorTest -->
        <test-method is-config="true" signature="teardown()[pri:0, instance:com.cyient.test.FlightErrorTest@49c7b90e]" started-at="2021-06-13T13:24:03 IST" name="teardown" finished-at="2021-06-13T13:24:05 IST" duration-ms="2698" status="PASS">
          <reporter-output>
          </reporter-output>
        </test-method> <!-- teardown -->
        <test-method is-config="true" signature="setup()[pri:0, instance:com.cyient.test.FlightErrorTest@49c7b90e]" started-at="2021-06-13T13:24:05 IST" name="setup" finished-at="2021-06-13T13:24:21 IST" duration-ms="15300" status="PASS">
          <reporter-output>
          </reporter-output>
        </test-method> <!-- setup -->
        <test-method signature="roundTripErrorTest(java.lang.String,java.lang.String,java.lang.String)[pri:0, instance:com.cyient.test.FlightErrorTest@49c7b90e]" started-at="2021-06-13T13:24:21 IST" name="roundTripErrorTest" data-provider="validCredentialExcelData" finished-at="2021-06-13T13:24:31 IST" duration-ms="9876" status="PASS">
          <params>
            <param index="0">
              <value>
                <![CDATA[7709873175]]>
              </value>
            </param>
            <param index="1">
              <value>
                <![CDATA[feb27rak]]>
              </value>
            </param>
            <param index="2">
              <value>
                <![CDATA[Rutwik]]>
              </value>
            </param>
          </params>
          <reporter-output>
          </reporter-output>
        </test-method> <!-- roundTripErrorTest -->
        <test-method is-config="true" signature="teardown()[pri:0, instance:com.cyient.test.FlightErrorTest@49c7b90e]" started-at="2021-06-13T13:24:31 IST" name="teardown" finished-at="2021-06-13T13:24:35 IST" duration-ms="4006" status="PASS">
          <reporter-output>
          </reporter-output>
        </test-method> <!-- teardown -->
      </class> <!-- com.cyient.test.FlightErrorTest -->
    </test> <!-- Default test -->
  </suite> <!-- Default suite -->
</testng-results>
